<?xml version="1.0" encoding="UTF-8"?>
<!-- Generated by org.testng.reporters.JUnitReportReporter -->
<testsuite hostname="KSiddharth-MacBook-Pro-7.local" failures="0" tests="2" name="com.basic.automation.DatePickerPractice" time="2.551" errors="0" timestamp="19 Jun 2023 09:45:07 GMT" skipped="0">
  <testcase classname="com.basic.automation.DatePickerPractice" name="Hobbies" time="0.874"/>
  <testcase classname="com.basic.automation.DatePickerPractice" name="DatePick" time="1.677"/>
</testsuite> <!-- com.basic.automation.DatePickerPractice -->
