<?xml version="1.0" encoding="UTF-8"?>
<!-- Generated by org.testng.reporters.JUnitReportReporter -->
<testsuite hostname="KSiddharth-MacBook-Pro-7.local" failures="0" tests="4" name="com.basic.automation.HandleAlerts" time="6.996" errors="0" timestamp="13 Jun 2023 07:26:36 GMT" skipped="0">
  <testcase classname="com.basic.automation.HandleAlerts" name="simpleAlert" time="0.178"/>
  <testcase classname="com.basic.automation.HandleAlerts" name="promptAlertButton" time="0.248"/>
  <testcase classname="com.basic.automation.HandleAlerts" name="timerAlertButton" time="6.120"/>
  <testcase classname="com.basic.automation.HandleAlerts" name="confirmAlertButton" time="0.450"/>
</testsuite> <!-- com.basic.automation.HandleAlerts -->
