<?xml version="1.0" encoding="UTF-8"?>
<!-- Generated by org.testng.reporters.JUnitReportReporter -->
<testsuite hostname="KSiddharth-MacBook-Pro-7.local" failures="0" tests="2" name="com.basic.automation.DatePicker" time="3.501" errors="0" timestamp="2023-06-30T20:39:23 IST" skipped="0">
  <testcase classname="com.basic.automation.DatePicker" name="datePickerFrom" time="0.970"/>
  <system-out/>
  <testcase classname="com.basic.automation.DatePicker" name="datePickerTo" time="2.531"/>
  <system-out/>
</testsuite> <!-- com.basic.automation.DatePicker -->
