<?xml version="1.0" encoding="UTF-8"?>
<!-- Generated by org.testng.reporters.JUnitReportReporter -->
<testsuite hostname="KSiddharth-MacBook-Pro-7.local" failures="0" tests="1" name="com.basic.automation.Iframe_text" time="0.818" errors="0" timestamp="17 Jun 2023 18:43:58 GMT" skipped="0">
  <testcase classname="com.basic.automation.Iframe_text" name="singleFrame" time="0.818"/>
</testsuite> <!-- com.basic.automation.Iframe_text -->
